<?xml version="1.0" encoding="UTF-8"?>
<testsuite xmlns:xsi="http://www.w3.org/2001/XMLSchema-instance" xsi:noNamespaceSchemaLocation="https://maven.apache.org/surefire/maven-surefire-plugin/xsd/surefire-test-report.xsd" name="com.itws.BlogApplicationTests" time="19.381" tests="2" errors="0" skipped="0" failures="0">
  <properties>
    <property name="sun.desktop" value="windows"/>
    <property name="awt.toolkit" value="sun.awt.windows.WToolkit"/>
    <property name="file.encoding.pkg" value="sun.io"/>
    <property name="java.specification.version" value="1.8"/>
    <property name="sun.cpu.isalist" value="amd64"/>
    <property name="sun.jnu.encoding" value="GBK"/>
    <property name="java.class.path" value="F:\JavaBlogCode\My_blog\target\test-classes;F:\JavaBlogCode\My_blog\target\classes;D:\my_java\repository\org\springframework\boot\spring-boot-starter-data-jpa\2.3.3.RELEASE\spring-boot-starter-data-jpa-2.3.3.RELEASE.jar;D:\my_java\repository\org\springframework\boot\spring-boot-starter-jdbc\2.3.3.RELEASE\spring-boot-starter-jdbc-2.3.3.RELEASE.jar;D:\my_java\repository\com\zaxxer\HikariCP\3.4.5\HikariCP-3.4.5.jar;D:\my_java\repository\org\springframework\spring-jdbc\5.2.8.RELEASE\spring-jdbc-5.2.8.RELEASE.jar;D:\my_java\repository\jakarta\transaction\jakarta.transaction-api\1.3.3\jakarta.transaction-api-1.3.3.jar;D:\my_java\repository\jakarta\persistence\jakarta.persistence-api\2.2.3\jakarta.persistence-api-2.2.3.jar;D:\my_java\repository\org\hibernate\hibernate-core\5.4.20.Final\hibernate-core-5.4.20.Final.jar;D:\my_java\repository\org\jboss\logging\jboss-logging\3.4.1.Final\jboss-logging-3.4.1.Final.jar;D:\my_java\repository\org\javassist\javassist\3.24.0-GA\javassist-3.24.0-GA.jar;D:\my_java\repository\net\bytebuddy\byte-buddy\1.10.14\byte-buddy-1.10.14.jar;D:\my_java\repository\antlr\antlr\2.7.7\antlr-2.7.7.jar;D:\my_java\repository\org\jboss\jandex\2.1.3.Final\jandex-2.1.3.Final.jar;D:\my_java\repository\com\fasterxml\classmate\1.5.1\classmate-1.5.1.jar;D:\my_java\repository\org\dom4j\dom4j\2.1.3\dom4j-2.1.3.jar;D:\my_java\repository\org\hibernate\common\hibernate-commons-annotations\5.1.0.Final\hibernate-commons-annotations-5.1.0.Final.jar;D:\my_java\repository\org\glassfish\jaxb\jaxb-runtime\2.3.3\jaxb-runtime-2.3.3.jar;D:\my_java\repository\org\glassfish\jaxb\txw2\2.3.3\txw2-2.3.3.jar;D:\my_java\repository\com\sun\istack\istack-commons-runtime\3.0.11\istack-commons-runtime-3.0.11.jar;D:\my_java\repository\com\sun\activation\jakarta.activation\1.2.2\jakarta.activation-1.2.2.jar;D:\my_java\repository\org\springframework\data\spring-data-jpa\2.3.3.RELEASE\spring-data-jpa-2.3.3.RELEASE.jar;D:\my_java\repository\org\springframework\data\spring-data-commons\2.3.3.RELEASE\spring-data-commons-2.3.3.RELEASE.jar;D:\my_java\repository\org\springframework\spring-orm\5.2.8.RELEASE\spring-orm-5.2.8.RELEASE.jar;D:\my_java\repository\org\springframework\spring-context\5.2.8.RELEASE\spring-context-5.2.8.RELEASE.jar;D:\my_java\repository\org\springframework\spring-tx\5.2.8.RELEASE\spring-tx-5.2.8.RELEASE.jar;D:\my_java\repository\org\springframework\spring-beans\5.2.8.RELEASE\spring-beans-5.2.8.RELEASE.jar;D:\my_java\repository\org\slf4j\slf4j-api\1.7.30\slf4j-api-1.7.30.jar;D:\my_java\repository\org\springframework\spring-aspects\5.2.8.RELEASE\spring-aspects-5.2.8.RELEASE.jar;D:\my_java\repository\org\springframework\boot\spring-boot-starter-validation\2.3.3.RELEASE\spring-boot-starter-validation-2.3.3.RELEASE.jar;D:\my_java\repository\org\springframework\boot\spring-boot-starter\2.3.3.RELEASE\spring-boot-starter-2.3.3.RELEASE.jar;D:\my_java\repository\org\springframework\boot\spring-boot-starter-logging\2.3.3.RELEASE\spring-boot-starter-logging-2.3.3.RELEASE.jar;D:\my_java\repository\ch\qos\logback\logback-classic\1.2.3\logback-classic-1.2.3.jar;D:\my_java\repository\ch\qos\logback\logback-core\1.2.3\logback-core-1.2.3.jar;D:\my_java\repository\org\apache\logging\log4j\log4j-to-slf4j\2.13.3\log4j-to-slf4j-2.13.3.jar;D:\my_java\repository\org\apache\logging\log4j\log4j-api\2.13.3\log4j-api-2.13.3.jar;D:\my_java\repository\org\slf4j\jul-to-slf4j\1.7.30\jul-to-slf4j-1.7.30.jar;D:\my_java\repository\jakarta\annotation\jakarta.annotation-api\1.3.5\jakarta.annotation-api-1.3.5.jar;D:\my_java\repository\org\yaml\snakeyaml\1.26\snakeyaml-1.26.jar;D:\my_java\repository\org\glassfish\jakarta.el\3.0.3\jakarta.el-3.0.3.jar;D:\my_java\repository\org\hibernate\validator\hibernate-validator\6.1.5.Final\hibernate-validator-6.1.5.Final.jar;D:\my_java\repository\jakarta\validation\jakarta.validation-api\2.0.2\jakarta.validation-api-2.0.2.jar;D:\my_java\repository\org\apache\shiro\shiro-spring-boot-web-starter\1.4.2\shiro-spring-boot-web-starter-1.4.2.jar;D:\my_java\repository\org\apache\shiro\shiro-spring-boot-starter\1.4.2\shiro-spring-boot-starter-1.4.2.jar;D:\my_java\repository\org\apache\shiro\shiro-spring\1.4.2\shiro-spring-1.4.2.jar;D:\my_java\repository\org\apache\shiro\shiro-core\1.4.2\shiro-core-1.4.2.jar;D:\my_java\repository\org\apache\shiro\shiro-lang\1.4.2\shiro-lang-1.4.2.jar;D:\my_java\repository\org\apache\shiro\shiro-cache\1.4.2\shiro-cache-1.4.2.jar;D:\my_java\repository\org\apache\shiro\shiro-crypto-hash\1.4.2\shiro-crypto-hash-1.4.2.jar;D:\my_java\repository\org\apache\shiro\shiro-crypto-core\1.4.2\shiro-crypto-core-1.4.2.jar;D:\my_java\repository\org\apache\shiro\shiro-crypto-cipher\1.4.2\shiro-crypto-cipher-1.4.2.jar;D:\my_java\repository\org\apache\shiro\shiro-config-core\1.4.2\shiro-config-core-1.4.2.jar;D:\my_java\repository\org\apache\shiro\shiro-config-ogdl\1.4.2\shiro-config-ogdl-1.4.2.jar;D:\my_java\repository\commons-beanutils\commons-beanutils\1.9.3\commons-beanutils-1.9.3.jar;D:\my_java\repository\commons-collections\commons-collections\3.2.2\commons-collections-3.2.2.jar;D:\my_java\repository\org\apache\shiro\shiro-event\1.4.2\shiro-event-1.4.2.jar;D:\my_java\repository\org\apache\shiro\shiro-web\1.4.2\shiro-web-1.4.2.jar;D:\my_java\repository\org\springframework\boot\spring-boot-autoconfigure\2.3.3.RELEASE\spring-boot-autoconfigure-2.3.3.RELEASE.jar;D:\my_java\repository\org\springframework\boot\spring-boot-starter-thymeleaf\2.3.3.RELEASE\spring-boot-starter-thymeleaf-2.3.3.RELEASE.jar;D:\my_java\repository\org\thymeleaf\thymeleaf-spring5\3.0.11.RELEASE\thymeleaf-spring5-3.0.11.RELEASE.jar;D:\my_java\repository\org\thymeleaf\thymeleaf\3.0.11.RELEASE\thymeleaf-3.0.11.RELEASE.jar;D:\my_java\repository\org\attoparser\attoparser\2.0.5.RELEASE\attoparser-2.0.5.RELEASE.jar;D:\my_java\repository\org\unbescape\unbescape\1.1.6.RELEASE\unbescape-1.1.6.RELEASE.jar;D:\my_java\repository\org\thymeleaf\extras\thymeleaf-extras-java8time\3.0.4.RELEASE\thymeleaf-extras-java8time-3.0.4.RELEASE.jar;D:\my_java\repository\org\springframework\boot\spring-boot-starter-aop\2.3.3.RELEASE\spring-boot-starter-aop-2.3.3.RELEASE.jar;D:\my_java\repository\org\springframework\spring-aop\5.2.8.RELEASE\spring-aop-5.2.8.RELEASE.jar;D:\my_java\repository\org\aspectj\aspectjweaver\1.9.6\aspectjweaver-1.9.6.jar;D:\my_java\repository\org\mybatis\spring\boot\mybatis-spring-boot-starter\2.1.1\mybatis-spring-boot-starter-2.1.1.jar;D:\my_java\repository\org\mybatis\spring\boot\mybatis-spring-boot-autoconfigure\2.1.1\mybatis-spring-boot-autoconfigure-2.1.1.jar;D:\my_java\repository\org\mybatis\mybatis\3.5.3\mybatis-3.5.3.jar;D:\my_java\repository\org\mybatis\mybatis-spring\2.0.3\mybatis-spring-2.0.3.jar;D:\my_java\repository\com\alibaba\druid\1.1.12\druid-1.1.12.jar;D:\my_java\repository\org\springframework\boot\spring-boot-starter-web\2.3.3.RELEASE\spring-boot-starter-web-2.3.3.RELEASE.jar;D:\my_java\repository\org\springframework\boot\spring-boot-starter-json\2.3.3.RELEASE\spring-boot-starter-json-2.3.3.RELEASE.jar;D:\my_java\repository\com\fasterxml\jackson\core\jackson-databind\2.11.2\jackson-databind-2.11.2.jar;D:\my_java\repository\com\fasterxml\jackson\core\jackson-annotations\2.11.2\jackson-annotations-2.11.2.jar;D:\my_java\repository\com\fasterxml\jackson\core\jackson-core\2.11.2\jackson-core-2.11.2.jar;D:\my_java\repository\com\fasterxml\jackson\datatype\jackson-datatype-jdk8\2.11.2\jackson-datatype-jdk8-2.11.2.jar;D:\my_java\repository\com\fasterxml\jackson\datatype\jackson-datatype-jsr310\2.11.2\jackson-datatype-jsr310-2.11.2.jar;D:\my_java\repository\com\fasterxml\jackson\module\jackson-module-parameter-names\2.11.2\jackson-module-parameter-names-2.11.2.jar;D:\my_java\repository\org\springframework\boot\spring-boot-starter-tomcat\2.3.3.RELEASE\spring-boot-starter-tomcat-2.3.3.RELEASE.jar;D:\my_java\repository\org\apache\tomcat\embed\tomcat-embed-core\9.0.37\tomcat-embed-core-9.0.37.jar;D:\my_java\repository\org\apache\tomcat\embed\tomcat-embed-websocket\9.0.37\tomcat-embed-websocket-9.0.37.jar;D:\my_java\repository\org\springframework\spring-web\5.2.8.RELEASE\spring-web-5.2.8.RELEASE.jar;D:\my_java\repository\org\springframework\spring-webmvc\5.2.8.RELEASE\spring-webmvc-5.2.8.RELEASE.jar;D:\my_java\repository\org\springframework\spring-expression\5.2.8.RELEASE\spring-expression-5.2.8.RELEASE.jar;D:\my_java\repository\org\springframework\boot\spring-boot-devtools\2.3.3.RELEASE\spring-boot-devtools-2.3.3.RELEASE.jar;D:\my_java\repository\org\springframework\boot\spring-boot\2.3.3.RELEASE\spring-boot-2.3.3.RELEASE.jar;D:\my_java\repository\log4j\log4j\1.2.12\log4j-1.2.12.jar;D:\my_java\repository\com\github\pagehelper\pagehelper-spring-boot-starter\1.3.0\pagehelper-spring-boot-starter-1.3.0.jar;D:\my_java\repository\com\github\pagehelper\pagehelper-spring-boot-autoconfigure\1.3.0\pagehelper-spring-boot-autoconfigure-1.3.0.jar;D:\my_java\repository\com\github\pagehelper\pagehelper\5.2.0\pagehelper-5.2.0.jar;D:\my_java\repository\com\github\jsqlparser\jsqlparser\3.2\jsqlparser-3.2.jar;D:\my_java\repository\com\github\penggle\kaptcha\2.3.2\kaptcha-2.3.2.jar;D:\my_java\repository\javax\servlet\javax.servlet-api\4.0.1\javax.servlet-api-4.0.1.jar;D:\my_java\repository\com\jhlabs\filters\2.0.235-1\filters-2.0.235-1.jar;D:\my_java\repository\com\github\theborakompanioni\thymeleaf-extras-shiro\2.0.0\thymeleaf-extras-shiro-2.0.0.jar;D:\my_java\repository\mysql\mysql-connector-java\8.0.21\mysql-connector-java-8.0.21.jar;D:\my_java\repository\com\atlassian\commonmark\commonmark\0.12.1\commonmark-0.12.1.jar;D:\my_java\repository\com\atlassian\commonmark\commonmark-ext-gfm-tables\0.12.1\commonmark-ext-gfm-tables-0.12.1.jar;D:\my_java\repository\com\atlassian\commonmark\commonmark-ext-heading-anchor\0.12.1\commonmark-ext-heading-anchor-0.12.1.jar;D:\my_java\repository\org\projectlombok\lombok\1.18.12\lombok-1.18.12.jar;D:\my_java\repository\org\springframework\boot\spring-boot-starter-test\2.3.3.RELEASE\spring-boot-starter-test-2.3.3.RELEASE.jar;D:\my_java\repository\org\springframework\boot\spring-boot-test\2.3.3.RELEASE\spring-boot-test-2.3.3.RELEASE.jar;D:\my_java\repository\org\springframework\boot\spring-boot-test-autoconfigure\2.3.3.RELEASE\spring-boot-test-autoconfigure-2.3.3.RELEASE.jar;D:\my_java\repository\com\jayway\jsonpath\json-path\2.4.0\json-path-2.4.0.jar;D:\my_java\repository\net\minidev\json-smart\2.3\json-smart-2.3.jar;D:\my_java\repository\net\minidev\accessors-smart\1.2\accessors-smart-1.2.jar;D:\my_java\repository\org\ow2\asm\asm\5.0.4\asm-5.0.4.jar;D:\my_java\repository\jakarta\xml\bind\jakarta.xml.bind-api\2.3.3\jakarta.xml.bind-api-2.3.3.jar;D:\my_java\repository\jakarta\activation\jakarta.activation-api\1.2.2\jakarta.activation-api-1.2.2.jar;D:\my_java\repository\org\assertj\assertj-core\3.16.1\assertj-core-3.16.1.jar;D:\my_java\repository\org\hamcrest\hamcrest\2.2\hamcrest-2.2.jar;D:\my_java\repository\org\junit\jupiter\junit-jupiter\5.6.2\junit-jupiter-5.6.2.jar;D:\my_java\repository\org\junit\jupiter\junit-jupiter-api\5.6.2\junit-jupiter-api-5.6.2.jar;D:\my_java\repository\org\apiguardian\apiguardian-api\1.1.0\apiguardian-api-1.1.0.jar;D:\my_java\repository\org\opentest4j\opentest4j\1.2.0\opentest4j-1.2.0.jar;D:\my_java\repository\org\junit\platform\junit-platform-commons\1.6.2\junit-platform-commons-1.6.2.jar;D:\my_java\repository\org\junit\jupiter\junit-jupiter-params\5.6.2\junit-jupiter-params-5.6.2.jar;D:\my_java\repository\org\junit\jupiter\junit-jupiter-engine\5.6.2\junit-jupiter-engine-5.6.2.jar;D:\my_java\repository\org\junit\platform\junit-platform-engine\1.6.2\junit-platform-engine-1.6.2.jar;D:\my_java\repository\org\mockito\mockito-core\3.3.3\mockito-core-3.3.3.jar;D:\my_java\repository\net\bytebuddy\byte-buddy-agent\1.10.14\byte-buddy-agent-1.10.14.jar;D:\my_java\repository\org\objenesis\objenesis\2.6\objenesis-2.6.jar;D:\my_java\repository\org\mockito\mockito-junit-jupiter\3.3.3\mockito-junit-jupiter-3.3.3.jar;D:\my_java\repository\org\skyscreamer\jsonassert\1.5.0\jsonassert-1.5.0.jar;D:\my_java\repository\com\vaadin\external\google\android-json\0.0.20131108.vaadin1\android-json-0.0.20131108.vaadin1.jar;D:\my_java\repository\org\springframework\spring-core\5.2.8.RELEASE\spring-core-5.2.8.RELEASE.jar;D:\my_java\repository\org\springframework\spring-jcl\5.2.8.RELEASE\spring-jcl-5.2.8.RELEASE.jar;D:\my_java\repository\org\springframework\spring-test\5.2.8.RELEASE\spring-test-5.2.8.RELEASE.jar;D:\my_java\repository\org\xmlunit\xmlunit-core\2.7.0\xmlunit-core-2.7.0.jar;D:\my_java\repository\org\sonatype\sisu\sisu-inject-bean\1.4.2\sisu-inject-bean-1.4.2.jar;D:\my_java\repository\org\sonatype\sisu\sisu-guice\2.1.7\sisu-guice-2.1.7-noaop.jar;"/>
    <property name="java.vm.vendor" value="Oracle Corporation"/>
    <property name="sun.arch.data.model" value="64"/>
    <property name="user.variant" value=""/>
    <property name="java.vendor.url" value="http://java.oracle.com/"/>
    <property name="user.timezone" value="Asia/Shanghai"/>
    <property name="java.vm.specification.version" value="1.8"/>
    <property name="os.name" value="Windows 10"/>
    <property name="user.country" value="CN"/>
    <property name="sun.java.launcher" value="SUN_STANDARD"/>
    <property name="sun.boot.library.path" value="C:\Program Files\Java\jdk1.8.0_144\jre\bin"/>
    <property name="sun.java.command" value="C:\Users\popo\AppData\Local\Temp\surefire1414777664456054927\surefirebooter3479359761879440207.jar C:\Users\popo\AppData\Local\Temp\surefire1414777664456054927 2020-10-16T09-31-05_533-jvmRun1 surefire5740404778029149495tmp surefire_02289711096015342165tmp"/>
    <property name="surefire.test.class.path" value="F:\JavaBlogCode\My_blog\target\test-classes;F:\JavaBlogCode\My_blog\target\classes;D:\my_java\repository\org\springframework\boot\spring-boot-starter-data-jpa\2.3.3.RELEASE\spring-boot-starter-data-jpa-2.3.3.RELEASE.jar;D:\my_java\repository\org\springframework\boot\spring-boot-starter-jdbc\2.3.3.RELEASE\spring-boot-starter-jdbc-2.3.3.RELEASE.jar;D:\my_java\repository\com\zaxxer\HikariCP\3.4.5\HikariCP-3.4.5.jar;D:\my_java\repository\org\springframework\spring-jdbc\5.2.8.RELEASE\spring-jdbc-5.2.8.RELEASE.jar;D:\my_java\repository\jakarta\transaction\jakarta.transaction-api\1.3.3\jakarta.transaction-api-1.3.3.jar;D:\my_java\repository\jakarta\persistence\jakarta.persistence-api\2.2.3\jakarta.persistence-api-2.2.3.jar;D:\my_java\repository\org\hibernate\hibernate-core\5.4.20.Final\hibernate-core-5.4.20.Final.jar;D:\my_java\repository\org\jboss\logging\jboss-logging\3.4.1.Final\jboss-logging-3.4.1.Final.jar;D:\my_java\repository\org\javassist\javassist\3.24.0-GA\javassist-3.24.0-GA.jar;D:\my_java\repository\net\bytebuddy\byte-buddy\1.10.14\byte-buddy-1.10.14.jar;D:\my_java\repository\antlr\antlr\2.7.7\antlr-2.7.7.jar;D:\my_java\repository\org\jboss\jandex\2.1.3.Final\jandex-2.1.3.Final.jar;D:\my_java\repository\com\fasterxml\classmate\1.5.1\classmate-1.5.1.jar;D:\my_java\repository\org\dom4j\dom4j\2.1.3\dom4j-2.1.3.jar;D:\my_java\repository\org\hibernate\common\hibernate-commons-annotations\5.1.0.Final\hibernate-commons-annotations-5.1.0.Final.jar;D:\my_java\repository\org\glassfish\jaxb\jaxb-runtime\2.3.3\jaxb-runtime-2.3.3.jar;D:\my_java\repository\org\glassfish\jaxb\txw2\2.3.3\txw2-2.3.3.jar;D:\my_java\repository\com\sun\istack\istack-commons-runtime\3.0.11\istack-commons-runtime-3.0.11.jar;D:\my_java\repository\com\sun\activation\jakarta.activation\1.2.2\jakarta.activation-1.2.2.jar;D:\my_java\repository\org\springframework\data\spring-data-jpa\2.3.3.RELEASE\spring-data-jpa-2.3.3.RELEASE.jar;D:\my_java\repository\org\springframework\data\spring-data-commons\2.3.3.RELEASE\spring-data-commons-2.3.3.RELEASE.jar;D:\my_java\repository\org\springframework\spring-orm\5.2.8.RELEASE\spring-orm-5.2.8.RELEASE.jar;D:\my_java\repository\org\springframework\spring-context\5.2.8.RELEASE\spring-context-5.2.8.RELEASE.jar;D:\my_java\repository\org\springframework\spring-tx\5.2.8.RELEASE\spring-tx-5.2.8.RELEASE.jar;D:\my_java\repository\org\springframework\spring-beans\5.2.8.RELEASE\spring-beans-5.2.8.RELEASE.jar;D:\my_java\repository\org\slf4j\slf4j-api\1.7.30\slf4j-api-1.7.30.jar;D:\my_java\repository\org\springframework\spring-aspects\5.2.8.RELEASE\spring-aspects-5.2.8.RELEASE.jar;D:\my_java\repository\org\springframework\boot\spring-boot-starter-validation\2.3.3.RELEASE\spring-boot-starter-validation-2.3.3.RELEASE.jar;D:\my_java\repository\org\springframework\boot\spring-boot-starter\2.3.3.RELEASE\spring-boot-starter-2.3.3.RELEASE.jar;D:\my_java\repository\org\springframework\boot\spring-boot-starter-logging\2.3.3.RELEASE\spring-boot-starter-logging-2.3.3.RELEASE.jar;D:\my_java\repository\ch\qos\logback\logback-classic\1.2.3\logback-classic-1.2.3.jar;D:\my_java\repository\ch\qos\logback\logback-core\1.2.3\logback-core-1.2.3.jar;D:\my_java\repository\org\apache\logging\log4j\log4j-to-slf4j\2.13.3\log4j-to-slf4j-2.13.3.jar;D:\my_java\repository\org\apache\logging\log4j\log4j-api\2.13.3\log4j-api-2.13.3.jar;D:\my_java\repository\org\slf4j\jul-to-slf4j\1.7.30\jul-to-slf4j-1.7.30.jar;D:\my_java\repository\jakarta\annotation\jakarta.annotation-api\1.3.5\jakarta.annotation-api-1.3.5.jar;D:\my_java\repository\org\yaml\snakeyaml\1.26\snakeyaml-1.26.jar;D:\my_java\repository\org\glassfish\jakarta.el\3.0.3\jakarta.el-3.0.3.jar;D:\my_java\repository\org\hibernate\validator\hibernate-validator\6.1.5.Final\hibernate-validator-6.1.5.Final.jar;D:\my_java\repository\jakarta\validation\jakarta.validation-api\2.0.2\jakarta.validation-api-2.0.2.jar;D:\my_java\repository\org\apache\shiro\shiro-spring-boot-web-starter\1.4.2\shiro-spring-boot-web-starter-1.4.2.jar;D:\my_java\repository\org\apache\shiro\shiro-spring-boot-starter\1.4.2\shiro-spring-boot-starter-1.4.2.jar;D:\my_java\repository\org\apache\shiro\shiro-spring\1.4.2\shiro-spring-1.4.2.jar;D:\my_java\repository\org\apache\shiro\shiro-core\1.4.2\shiro-core-1.4.2.jar;D:\my_java\repository\org\apache\shiro\shiro-lang\1.4.2\shiro-lang-1.4.2.jar;D:\my_java\repository\org\apache\shiro\shiro-cache\1.4.2\shiro-cache-1.4.2.jar;D:\my_java\repository\org\apache\shiro\shiro-crypto-hash\1.4.2\shiro-crypto-hash-1.4.2.jar;D:\my_java\repository\org\apache\shiro\shiro-crypto-core\1.4.2\shiro-crypto-core-1.4.2.jar;D:\my_java\repository\org\apache\shiro\shiro-crypto-cipher\1.4.2\shiro-crypto-cipher-1.4.2.jar;D:\my_java\repository\org\apache\shiro\shiro-config-core\1.4.2\shiro-config-core-1.4.2.jar;D:\my_java\repository\org\apache\shiro\shiro-config-ogdl\1.4.2\shiro-config-ogdl-1.4.2.jar;D:\my_java\repository\commons-beanutils\commons-beanutils\1.9.3\commons-beanutils-1.9.3.jar;D:\my_java\repository\commons-collections\commons-collections\3.2.2\commons-collections-3.2.2.jar;D:\my_java\repository\org\apache\shiro\shiro-event\1.4.2\shiro-event-1.4.2.jar;D:\my_java\repository\org\apache\shiro\shiro-web\1.4.2\shiro-web-1.4.2.jar;D:\my_java\repository\org\springframework\boot\spring-boot-autoconfigure\2.3.3.RELEASE\spring-boot-autoconfigure-2.3.3.RELEASE.jar;D:\my_java\repository\org\springframework\boot\spring-boot-starter-thymeleaf\2.3.3.RELEASE\spring-boot-starter-thymeleaf-2.3.3.RELEASE.jar;D:\my_java\repository\org\thymeleaf\thymeleaf-spring5\3.0.11.RELEASE\thymeleaf-spring5-3.0.11.RELEASE.jar;D:\my_java\repository\org\thymeleaf\thymeleaf\3.0.11.RELEASE\thymeleaf-3.0.11.RELEASE.jar;D:\my_java\repository\org\attoparser\attoparser\2.0.5.RELEASE\attoparser-2.0.5.RELEASE.jar;D:\my_java\repository\org\unbescape\unbescape\1.1.6.RELEASE\unbescape-1.1.6.RELEASE.jar;D:\my_java\repository\org\thymeleaf\extras\thymeleaf-extras-java8time\3.0.4.RELEASE\thymeleaf-extras-java8time-3.0.4.RELEASE.jar;D:\my_java\repository\org\springframework\boot\spring-boot-starter-aop\2.3.3.RELEASE\spring-boot-starter-aop-2.3.3.RELEASE.jar;D:\my_java\repository\org\springframework\spring-aop\5.2.8.RELEASE\spring-aop-5.2.8.RELEASE.jar;D:\my_java\repository\org\aspectj\aspectjweaver\1.9.6\aspectjweaver-1.9.6.jar;D:\my_java\repository\org\mybatis\spring\boot\mybatis-spring-boot-starter\2.1.1\mybatis-spring-boot-starter-2.1.1.jar;D:\my_java\repository\org\mybatis\spring\boot\mybatis-spring-boot-autoconfigure\2.1.1\mybatis-spring-boot-autoconfigure-2.1.1.jar;D:\my_java\repository\org\mybatis\mybatis\3.5.3\mybatis-3.5.3.jar;D:\my_java\repository\org\mybatis\mybatis-spring\2.0.3\mybatis-spring-2.0.3.jar;D:\my_java\repository\com\alibaba\druid\1.1.12\druid-1.1.12.jar;D:\my_java\repository\org\springframework\boot\spring-boot-starter-web\2.3.3.RELEASE\spring-boot-starter-web-2.3.3.RELEASE.jar;D:\my_java\repository\org\springframework\boot\spring-boot-starter-json\2.3.3.RELEASE\spring-boot-starter-json-2.3.3.RELEASE.jar;D:\my_java\repository\com\fasterxml\jackson\core\jackson-databind\2.11.2\jackson-databind-2.11.2.jar;D:\my_java\repository\com\fasterxml\jackson\core\jackson-annotations\2.11.2\jackson-annotations-2.11.2.jar;D:\my_java\repository\com\fasterxml\jackson\core\jackson-core\2.11.2\jackson-core-2.11.2.jar;D:\my_java\repository\com\fasterxml\jackson\datatype\jackson-datatype-jdk8\2.11.2\jackson-datatype-jdk8-2.11.2.jar;D:\my_java\repository\com\fasterxml\jackson\datatype\jackson-datatype-jsr310\2.11.2\jackson-datatype-jsr310-2.11.2.jar;D:\my_java\repository\com\fasterxml\jackson\module\jackson-module-parameter-names\2.11.2\jackson-module-parameter-names-2.11.2.jar;D:\my_java\repository\org\springframework\boot\spring-boot-starter-tomcat\2.3.3.RELEASE\spring-boot-starter-tomcat-2.3.3.RELEASE.jar;D:\my_java\repository\org\apache\tomcat\embed\tomcat-embed-core\9.0.37\tomcat-embed-core-9.0.37.jar;D:\my_java\repository\org\apache\tomcat\embed\tomcat-embed-websocket\9.0.37\tomcat-embed-websocket-9.0.37.jar;D:\my_java\repository\org\springframework\spring-web\5.2.8.RELEASE\spring-web-5.2.8.RELEASE.jar;D:\my_java\repository\org\springframework\spring-webmvc\5.2.8.RELEASE\spring-webmvc-5.2.8.RELEASE.jar;D:\my_java\repository\org\springframework\spring-expression\5.2.8.RELEASE\spring-expression-5.2.8.RELEASE.jar;D:\my_java\repository\org\springframework\boot\spring-boot-devtools\2.3.3.RELEASE\spring-boot-devtools-2.3.3.RELEASE.jar;D:\my_java\repository\org\springframework\boot\spring-boot\2.3.3.RELEASE\spring-boot-2.3.3.RELEASE.jar;D:\my_java\repository\log4j\log4j\1.2.12\log4j-1.2.12.jar;D:\my_java\repository\com\github\pagehelper\pagehelper-spring-boot-starter\1.3.0\pagehelper-spring-boot-starter-1.3.0.jar;D:\my_java\repository\com\github\pagehelper\pagehelper-spring-boot-autoconfigure\1.3.0\pagehelper-spring-boot-autoconfigure-1.3.0.jar;D:\my_java\repository\com\github\pagehelper\pagehelper\5.2.0\pagehelper-5.2.0.jar;D:\my_java\repository\com\github\jsqlparser\jsqlparser\3.2\jsqlparser-3.2.jar;D:\my_java\repository\com\github\penggle\kaptcha\2.3.2\kaptcha-2.3.2.jar;D:\my_java\repository\javax\servlet\javax.servlet-api\4.0.1\javax.servlet-api-4.0.1.jar;D:\my_java\repository\com\jhlabs\filters\2.0.235-1\filters-2.0.235-1.jar;D:\my_java\repository\com\github\theborakompanioni\thymeleaf-extras-shiro\2.0.0\thymeleaf-extras-shiro-2.0.0.jar;D:\my_java\repository\mysql\mysql-connector-java\8.0.21\mysql-connector-java-8.0.21.jar;D:\my_java\repository\com\atlassian\commonmark\commonmark\0.12.1\commonmark-0.12.1.jar;D:\my_java\repository\com\atlassian\commonmark\commonmark-ext-gfm-tables\0.12.1\commonmark-ext-gfm-tables-0.12.1.jar;D:\my_java\repository\com\atlassian\commonmark\commonmark-ext-heading-anchor\0.12.1\commonmark-ext-heading-anchor-0.12.1.jar;D:\my_java\repository\org\projectlombok\lombok\1.18.12\lombok-1.18.12.jar;D:\my_java\repository\org\springframework\boot\spring-boot-starter-test\2.3.3.RELEASE\spring-boot-starter-test-2.3.3.RELEASE.jar;D:\my_java\repository\org\springframework\boot\spring-boot-test\2.3.3.RELEASE\spring-boot-test-2.3.3.RELEASE.jar;D:\my_java\repository\org\springframework\boot\spring-boot-test-autoconfigure\2.3.3.RELEASE\spring-boot-test-autoconfigure-2.3.3.RELEASE.jar;D:\my_java\repository\com\jayway\jsonpath\json-path\2.4.0\json-path-2.4.0.jar;D:\my_java\repository\net\minidev\json-smart\2.3\json-smart-2.3.jar;D:\my_java\repository\net\minidev\accessors-smart\1.2\accessors-smart-1.2.jar;D:\my_java\repository\org\ow2\asm\asm\5.0.4\asm-5.0.4.jar;D:\my_java\repository\jakarta\xml\bind\jakarta.xml.bind-api\2.3.3\jakarta.xml.bind-api-2.3.3.jar;D:\my_java\repository\jakarta\activation\jakarta.activation-api\1.2.2\jakarta.activation-api-1.2.2.jar;D:\my_java\repository\org\assertj\assertj-core\3.16.1\assertj-core-3.16.1.jar;D:\my_java\repository\org\hamcrest\hamcrest\2.2\hamcrest-2.2.jar;D:\my_java\repository\org\junit\jupiter\junit-jupiter\5.6.2\junit-jupiter-5.6.2.jar;D:\my_java\repository\org\junit\jupiter\junit-jupiter-api\5.6.2\junit-jupiter-api-5.6.2.jar;D:\my_java\repository\org\apiguardian\apiguardian-api\1.1.0\apiguardian-api-1.1.0.jar;D:\my_java\repository\org\opentest4j\opentest4j\1.2.0\opentest4j-1.2.0.jar;D:\my_java\repository\org\junit\platform\junit-platform-commons\1.6.2\junit-platform-commons-1.6.2.jar;D:\my_java\repository\org\junit\jupiter\junit-jupiter-params\5.6.2\junit-jupiter-params-5.6.2.jar;D:\my_java\repository\org\junit\jupiter\junit-jupiter-engine\5.6.2\junit-jupiter-engine-5.6.2.jar;D:\my_java\repository\org\junit\platform\junit-platform-engine\1.6.2\junit-platform-engine-1.6.2.jar;D:\my_java\repository\org\mockito\mockito-core\3.3.3\mockito-core-3.3.3.jar;D:\my_java\repository\net\bytebuddy\byte-buddy-agent\1.10.14\byte-buddy-agent-1.10.14.jar;D:\my_java\repository\org\objenesis\objenesis\2.6\objenesis-2.6.jar;D:\my_java\repository\org\mockito\mockito-junit-jupiter\3.3.3\mockito-junit-jupiter-3.3.3.jar;D:\my_java\repository\org\skyscreamer\jsonassert\1.5.0\jsonassert-1.5.0.jar;D:\my_java\repository\com\vaadin\external\google\android-json\0.0.20131108.vaadin1\android-json-0.0.20131108.vaadin1.jar;D:\my_java\repository\org\springframework\spring-core\5.2.8.RELEASE\spring-core-5.2.8.RELEASE.jar;D:\my_java\repository\org\springframework\spring-jcl\5.2.8.RELEASE\spring-jcl-5.2.8.RELEASE.jar;D:\my_java\repository\org\springframework\spring-test\5.2.8.RELEASE\spring-test-5.2.8.RELEASE.jar;D:\my_java\repository\org\xmlunit\xmlunit-core\2.7.0\xmlunit-core-2.7.0.jar;D:\my_java\repository\org\sonatype\sisu\sisu-inject-bean\1.4.2\sisu-inject-bean-1.4.2.jar;D:\my_java\repository\org\sonatype\sisu\sisu-guice\2.1.7\sisu-guice-2.1.7-noaop.jar;"/>
    <property name="sun.cpu.endian" value="little"/>
    <property name="user.home" value="C:\Users\popo"/>
    <property name="user.language" value="zh"/>
    <property name="java.specification.vendor" value="Oracle Corporation"/>
    <property name="java.home" value="C:\Program Files\Java\jdk1.8.0_144\jre"/>
    <property name="basedir" value="F:\JavaBlogCode\My_blog"/>
    <property name="file.separator" value="\"/>
    <property name="line.separator" value="&#10;"/>
    <property name="java.vm.specification.vendor" value="Oracle Corporation"/>
    <property name="java.specification.name" value="Java Platform API Specification"/>
    <property name="java.awt.graphicsenv" value="sun.awt.Win32GraphicsEnvironment"/>
    <property name="surefire.real.class.path" value="C:\Users\popo\AppData\Local\Temp\surefire1414777664456054927\surefirebooter3479359761879440207.jar"/>
    <property name="sun.boot.class.path" value="C:\Program Files\Java\jdk1.8.0_144\jre\lib\resources.jar;C:\Program Files\Java\jdk1.8.0_144\jre\lib\rt.jar;C:\Program Files\Java\jdk1.8.0_144\jre\lib\sunrsasign.jar;C:\Program Files\Java\jdk1.8.0_144\jre\lib\jsse.jar;C:\Program Files\Java\jdk1.8.0_144\jre\lib\jce.jar;C:\Program Files\Java\jdk1.8.0_144\jre\lib\charsets.jar;C:\Program Files\Java\jdk1.8.0_144\jre\lib\jfr.jar;C:\Program Files\Java\jdk1.8.0_144\jre\classes"/>
    <property name="user.script" value=""/>
    <property name="sun.management.compiler" value="HotSpot 64-Bit Tiered Compilers"/>
    <property name="java.runtime.version" value="1.8.0_144-b01"/>
    <property name="user.name" value="popo"/>
    <property name="path.separator" value=";"/>
    <property name="os.version" value="10.0"/>
    <property name="java.endorsed.dirs" value="C:\Program Files\Java\jdk1.8.0_144\jre\lib\endorsed"/>
    <property name="java.runtime.name" value="Java(TM) SE Runtime Environment"/>
    <property name="file.encoding" value="GBK"/>
    <property name="java.vm.name" value="Java HotSpot(TM) 64-Bit Server VM"/>
    <property name="localRepository" value="D:\my_java\repository"/>
    <property name="java.vendor.url.bug" value="http://bugreport.sun.com/bugreport/"/>
    <property name="java.io.tmpdir" value="C:\Users\popo\AppData\Local\Temp\"/>
    <property name="idea.version" value="2020.2"/>
    <property name="java.version" value="1.8.0_144"/>
    <property name="user.dir" value="F:\JavaBlogCode\My_blog"/>
    <property name="os.arch" value="amd64"/>
    <property name="java.vm.specification.name" value="Java Virtual Machine Specification"/>
    <property name="java.awt.printerjob" value="sun.awt.windows.WPrinterJob"/>
    <property name="sun.os.patch.level" value=""/>
    <property name="java.library.path" value="C:\Program Files\Java\jdk1.8.0_144\jre\bin;C:\Windows\Sun\Java\bin;C:\Windows\system32;C:\Windows;C:\Program Files (x86)\NetSarang\Xshell 6\;C:\Program Files (x86)\NetSarang\Xftp 6\;G:\oracle\product\10.2.0\db_1\bin;C:\ProgramData\Oracle\Java\javapath;C:\Windows\system32;C:\Windows;C:\Windows\System32\Wbem;C:\Windows\System32\WindowsPowerShell\v1.0\;C:\Program Files\Microsoft\Web Platform Installer\;C:\Program Files (x86)\Microsoft ASP.NET\ASP.NET Web Pages\v1.0\;C:\Program Files (x86)\Windows Kits\8.0\Windows Performance Toolkit\;C:\Program Files\Microsoft SQL Server\110\Tools\Binn\;C:\Program Files\Java\jdk1.8.0_144\bin;C:\Program Files\MySQL\MySQL Server 5.7\bin;C:\Users\popo\AppData\Local\Programs\Python\Python37;C:\Program Files\Git\cmd;C:\Users\popo\AppData\Local\Android\sdk\platform-tools;D:\my_java\apache-maven-3.5.4\bin;C:\Program Files (x86)\Subversion\bin;C:\Program Files\VisualSVN Server\bin;C:\Program Files\TortoiseSVN\bin;AMERICAN_AMERICA.ZHS16GBK;C:\Program Files\PuTTY\;C:\Users\popo\AppData\Local\Programs\Python\Python37\Scripts\;C:\Users\popo\AppData\Local\Programs\Python\Python37\;C:\Users\popo\AppData\Local\Microsoft\WindowsApps;C:\Program Files\JetBrains\PyCharm 2019.2.2\bin;;;C:\Users\popo\AppData\Local\Programs\Microsoft VS Code\bin;C:\Program Files\JetBrains\IntelliJ IDEA 2020.2\bin;;C:\Program Files\JetBrains\WebStorm 2020.2.1\bin;;."/>
    <property name="java.vm.info" value="mixed mode"/>
    <property name="java.vendor" value="Oracle Corporation"/>
    <property name="java.vm.version" value="25.144-b01"/>
    <property name="java.ext.dirs" value="C:\Program Files\Java\jdk1.8.0_144\jre\lib\ext;C:\Windows\Sun\Java\lib\ext"/>
    <property name="sun.io.unicode.encoding" value="UnicodeLittle"/>
    <property name="maven.repo.local" value="D:\my_java\repository"/>
    <property name="java.class.version" value="52.0"/>
  </properties>
  <testcase name="test2" classname="com.itws.BlogApplicationTests" time="0.229"/>
  <testcase name="contextLoads" classname="com.itws.BlogApplicationTests" time="0"/>
</testsuite>